[    65.066] 
X.Org X Server 1.21.1.16
X Protocol Version 11, Revision 0
[    65.067] Current Operating System: Linux arch 6.14.6-arch1-1 #1 SMP PREEMPT_DYNAMIC Fri, 09 May 2025 17:36:18 +0000 x86_64
[    65.067] Kernel command line: BOOT_IMAGE=/vmlinuz-linux root=UUID=e70b7256-d5f5-4202-af0f-287c04bcba64 rw loglevel=3 quiet
[    65.068]  
[    65.070] Current version of pixman: 0.46.0
[    65.073] 	Before reporting problems, check http://wiki.x.org
	to make sure that you have the latest version.
[    65.073] Markers: (--) probed, (**) from config file, (==) default setting,
	(++) from command line, (!!) notice, (II) informational,
	(WW) warning, (EE) error, (NI) not implemented, (??) unknown.
[    65.076] (==) Log file: "/home/rishi/.local/share/xorg/Xorg.0.log", Time: Thu May 22 17:40:07 2025
[    65.078] (==) Using system config directory "/usr/share/X11/xorg.conf.d"
[    65.079] (==) No Layout section.  Using the first Screen section.
[    65.079] (==) No screen section available. Using defaults.
[    65.079] (**) |-->Screen "Default Screen Section" (0)
[    65.079] (**) |   |-->Monitor "<default monitor>"
[    65.079] (==) No monitor specified for screen "Default Screen Section".
	Using a default monitor configuration.
[    65.079] (**) Allowing byte-swapped clients
[    65.079] (==) Automatically adding devices
[    65.079] (==) Automatically enabling devices
[    65.079] (==) Automatically adding GPU devices
[    65.079] (==) Automatically binding GPU devices
[    65.079] (==) Max clients allowed: 256, resource mask: 0x1fffff
[    65.079] (WW) The directory "/usr/share/fonts/misc" does not exist.
[    65.079] 	Entry deleted from font path.
[    65.080] (WW) `fonts.dir' not found (or not valid) in "/usr/share/fonts/TTF".
[    65.080] 	Entry deleted from font path.
[    65.080] 	(Run 'mkfontdir' on "/usr/share/fonts/TTF").
[    65.080] (WW) The directory "/usr/share/fonts/OTF" does not exist.
[    65.080] 	Entry deleted from font path.
[    65.080] (WW) The directory "/usr/share/fonts/Type1" does not exist.
[    65.080] 	Entry deleted from font path.
[    65.080] (WW) The directory "/usr/share/fonts/100dpi" does not exist.
[    65.080] 	Entry deleted from font path.
[    65.080] (WW) The directory "/usr/share/fonts/75dpi" does not exist.
[    65.080] 	Entry deleted from font path.
[    65.080] (==) FontPath set to:
	
[    65.080] (==) ModulePath set to "/usr/lib/xorg/modules"
[    65.080] (II) The server relies on udev to provide the list of input devices.
	If no devices become available, reconfigure udev or disable AutoAddDevices.
[    65.080] (II) Module ABI versions:
[    65.080] 	X.Org ANSI C Emulation: 0.4
[    65.080] 	X.Org Video Driver: 25.2
[    65.080] 	X.Org XInput driver : 24.4
[    65.080] 	X.Org Server Extension : 10.0
[    65.080] (++) using VT number 2

[    65.081] (II) systemd-logind: took control of session /org/freedesktop/login1/session/_31
[    65.082] (II) xfree86: Adding drm device (/dev/dri/card1)
[    65.082] (II) Platform probe for /sys/devices/pci0000:00/0000:00:01.0/0000:01:00.0/drm/card1
[    65.089] (II) systemd-logind: got fd for /dev/dri/card1 226:1 fd 16 paused 0
[    65.089] (II) xfree86: Adding drm device (/dev/dri/card2)
[    65.089] (II) Platform probe for /sys/devices/pci0000:00/0000:00:02.0/drm/card2
[    65.089] (II) systemd-logind: got fd for /dev/dri/card2 226:2 fd 17 paused 0
[    65.092] (--) PCI:*(0@0:2:0) 8086:9bc4:1a58:2009 rev 5, Mem @ 0x6043000000/16777216, 0x4000000000/268435456, I/O @ 0x00004000/64, BIOS @ 0x????????/131072
[    65.092] (--) PCI: (1@0:0:0) 10de:1e93:1a58:2009 rev 161, Mem @ 0xa3000000/16777216, 0x6030000000/268435456, 0x6040000000/33554432, I/O @ 0x00003000/128, BIOS @ 0x????????/524288
[    65.092] (WW) Open ACPI failed (/var/run/acpid.socket) (No such file or directory)
[    65.092] (II) LoadModule: "glx"
[    65.093] (II) Loading /usr/lib/xorg/modules/extensions/libglx.so
[    65.097] (II) Module glx: vendor="X.Org Foundation"
[    65.097] 	compiled for 1.21.1.16, module version = 1.0.0
[    65.097] 	ABI class: X.Org Server Extension, version 10.0
[    65.097] (==) Matched intel as autoconfigured driver 0
[    65.097] (==) Matched nouveau as autoconfigured driver 1
[    65.097] (==) Matched nv as autoconfigured driver 2
[    65.097] (==) Matched modesetting as autoconfigured driver 3
[    65.097] (==) Matched fbdev as autoconfigured driver 4
[    65.097] (==) Matched vesa as autoconfigured driver 5
[    65.097] (==) Assigned the driver to the xf86ConfigLayout
[    65.097] (II) LoadModule: "intel"
[    65.097] (WW) Warning, couldn't open module intel
[    65.097] (EE) Failed to load module "intel" (module does not exist, 0)
[    65.097] (II) LoadModule: "nouveau"
[    65.097] (WW) Warning, couldn't open module nouveau
[    65.097] (EE) Failed to load module "nouveau" (module does not exist, 0)
[    65.097] (II) LoadModule: "nv"
[    65.097] (WW) Warning, couldn't open module nv
[    65.097] (EE) Failed to load module "nv" (module does not exist, 0)
[    65.097] (II) LoadModule: "modesetting"
[    65.097] (II) Loading /usr/lib/xorg/modules/drivers/modesetting_drv.so
[    65.098] (II) Module modesetting: vendor="X.Org Foundation"
[    65.098] 	compiled for 1.21.1.16, module version = 1.21.1
[    65.098] 	Module class: X.Org Video Driver
[    65.098] 	ABI class: X.Org Video Driver, version 25.2
[    65.098] (II) LoadModule: "fbdev"
[    65.099] (WW) Warning, couldn't open module fbdev
[    65.099] (EE) Failed to load module "fbdev" (module does not exist, 0)
[    65.099] (II) LoadModule: "vesa"
[    65.099] (WW) Warning, couldn't open module vesa
[    65.099] (EE) Failed to load module "vesa" (module does not exist, 0)
[    65.099] (II) modesetting: Driver for Modesetting Kernel Drivers: kms
[    65.099] (II) modeset(0): using drv /dev/dri/card2
[    65.099] (II) modeset(G0): using drv /dev/dri/card1
[    65.099] (WW) VGA arbiter: cannot open kernel arbiter, no multi-card support
[    65.099] (II) modeset(0): Creating default Display subsection in Screen section
	"Default Screen Section" for depth/fbbpp 24/32
[    65.099] (==) modeset(0): Depth 24, (==) framebuffer bpp 32
[    65.099] (==) modeset(0): RGB weight 888
[    65.099] (==) modeset(0): Default visual is TrueColor
[    65.099] (II) Loading sub module "glamoregl"
[    65.099] (II) LoadModule: "glamoregl"
[    65.099] (II) Loading /usr/lib/xorg/modules/libglamoregl.so
[    65.104] (II) Module glamoregl: vendor="X.Org Foundation"
[    65.104] 	compiled for 1.21.1.16, module version = 1.0.1
[    65.104] 	ABI class: X.Org ANSI C Emulation, version 0.4
[    65.216] (II) modeset(0): glamor X acceleration enabled on Mesa Intel(R) UHD Graphics (CML GT2)
[    65.217] (II) modeset(0): glamor initialized
[    65.217] (==) modeset(0): VariableRefresh: disabled
[    65.217] (==) modeset(0): AsyncFlipSecondaries: disabled
[    65.218] (II) modeset(0): Output eDP-1 has no monitor section
[    65.220] (II) modeset(0): EDID for output eDP-1
[    65.220] (II) modeset(0): Manufacturer: AUO  Model: de8e  Serial#: 0
[    65.220] (II) modeset(0): Year: 2019  Week: 40
[    65.220] (II) modeset(0): EDID Version: 1.4
[    65.220] (II) modeset(0): Digital Display Input
[    65.220] (II) modeset(0): 8 bits per channel
[    65.220] (II) modeset(0): Digital interface is DisplayPort
[    65.220] (II) modeset(0): Max Image Size [cm]: horiz.: 34  vert.: 19
[    65.220] (II) modeset(0): Gamma: 2.20
[    65.220] (II) modeset(0): No DPMS capabilities specified
[    65.220] (II) modeset(0): Supported color encodings: RGB 4:4:4 
[    65.220] (II) modeset(0): First detailed timing is preferred mode
[    65.220] (II) modeset(0): Preferred mode is native pixel format and refresh rate
[    65.220] (II) modeset(0): Display is continuous-frequency
[    65.220] (II) modeset(0): redX: 0.640 redY: 0.330   greenX: 0.300 greenY: 0.600
[    65.220] (II) modeset(0): blueX: 0.150 blueY: 0.060   whiteX: 0.313 whiteY: 0.329
[    65.220] (II) modeset(0): Manufacturer's mask: 0
[    65.220] (II) modeset(0): Supported detailed timing:
[    65.220] (II) modeset(0): clock: 533.3 MHz   Image Size:  344 x 193 mm
[    65.220] (II) modeset(0): h_active: 1920  h_sync: 1968  h_sync_end 2000 h_blank_end 2000 h_border: 0
[    65.220] (II) modeset(0): v_active: 1080  v_sync: 1090  v_sync_end 1095 v_blanking: 1111 v_border: 0
[    65.220] (II) modeset(0): Supported detailed timing:
[    65.220] (II) modeset(0): clock: 133.4 MHz   Image Size:  344 x 193 mm
[    65.220] (II) modeset(0): h_active: 1920  h_sync: 1968  h_sync_end 2000 h_blank_end 2000 h_border: 0
[    65.220] (II) modeset(0): v_active: 1080  v_sync: 1090  v_sync_end 1095 v_blanking: 1111 v_border: 0
[    65.220] (II) modeset(0): Ranges: V min: 60 V max: 300 Hz, H min: 334 H max: 334 kHz, PixClock max 675 MHz
[    65.220] (II) modeset(0):  B156HAN12.0
[    65.220] (II) modeset(0): Number of EDID sections to follow: 1
[    65.220] (II) modeset(0): EDID (in hex):
[    65.220] (II) modeset(0): 	00ffffffffffff0006af8ede00000000
[    65.220] (II) modeset(0): 	281d0104a522137803ee95a3544c9926
[    65.220] (II) modeset(0): 	0f505400000001010101010101010101
[    65.220] (II) modeset(0): 	01010101010150d0805070381f403020
[    65.220] (II) modeset(0): 	a50058c1100000181c34805070381f40
[    65.220] (II) modeset(0): 	3020a50058c110000018000000fd0e3c
[    65.220] (II) modeset(0): 	2d4f4f43010a202020202020000000fe
[    65.220] (II) modeset(0): 	004231353648414e31322e30200a01b5
[    65.220] (II) modeset(0): 	70137900000301148c0401847f074f00
[    65.220] (II) modeset(0): 	2f001f0037041e000900040000000000
[    65.220] (II) modeset(0): 	00000000000000000000000000000000
[    65.220] (II) modeset(0): 	00000000000000000000000000000000
[    65.220] (II) modeset(0): 	00000000000000000000000000000000
[    65.220] (II) modeset(0): 	00000000000000000000000000000000
[    65.220] (II) modeset(0): 	00000000000000000000000000000000
[    65.220] (II) modeset(0): 	0000000000000000000000000000be90
[    65.220] (II) modeset(0): Printing probed modes for output eDP-1
[    65.220] (II) modeset(0): Modeline "1920x1080"x300.2  667.01  1920 1968 2000 2000  1080 1090 1095 1111 -hsync -vsync (333.5 kHz eP)
[    65.220] (II) modeset(0): Modeline "1920x1080"x240.0  533.28  1920 1968 2000 2000  1080 1090 1095 1111 -hsync -vsync (266.6 kHz eP)
[    65.220] (II) modeset(0): Modeline "1920x1080"x60.0  356.38  1920 2080 2288 2656  1080 1081 1084 1118 doublescan -hsync +vsync (134.2 kHz d)
[    65.220] (II) modeset(0): Modeline "1920x1080"x60.0  266.50  1920 1944 1960 2000  1080 1081 1084 1111 doublescan +hsync -vsync (133.2 kHz d)
[    65.220] (II) modeset(0): Modeline "1920x1080"x60.0  173.00  1920 2048 2248 2576  1080 1083 1088 1120 -hsync +vsync (67.2 kHz d)
[    65.220] (II) modeset(0): Modeline "1920x1080"x59.9  138.50  1920 1968 2000 2080  1080 1083 1088 1111 +hsync -vsync (66.6 kHz d)
[    65.220] (II) modeset(0): Modeline "1920x1080"x60.0  133.40  1920 1968 2000 2000  1080 1090 1095 1111 -hsync -vsync (66.7 kHz e)
[    65.220] (II) modeset(0): Modeline "1680x1050"x60.0  146.25  1680 1784 1960 2240  1050 1053 1059 1089 -hsync +vsync (65.3 kHz d)
[    65.220] (II) modeset(0): Modeline "1680x1050"x59.9  119.00  1680 1728 1760 1840  1050 1053 1059 1080 +hsync -vsync (64.7 kHz d)
[    65.220] (II) modeset(0): Modeline "1400x1050"x74.8  155.80  1400 1464 1784 1912  1050 1052 1064 1090 +hsync +vsync (81.5 kHz d)
[    65.220] (II) modeset(0): Modeline "1400x1050"x60.0  122.00  1400 1488 1640 1880  1050 1052 1064 1082 +hsync +vsync (64.9 kHz d)
[    65.220] (II) modeset(0): Modeline "1600x900"x60.0  246.00  1600 1728 1900 2200  900 901 904 932 doublescan -hsync +vsync (111.8 kHz d)
[    65.220] (II) modeset(0): Modeline "1600x900"x59.9  186.50  1600 1624 1640 1680  900 901 904 926 doublescan +hsync -vsync (111.0 kHz d)
[    65.220] (II) modeset(0): Modeline "1600x900"x59.9  118.25  1600 1696 1856 2112  900 903 908 934 -hsync +vsync (56.0 kHz d)
[    65.220] (II) modeset(0): Modeline "1600x900"x59.8   97.50  1600 1648 1680 1760  900 903 908 926 +hsync -vsync (55.4 kHz d)
[    65.220] (II) modeset(0): Modeline "1280x1024"x85.0  157.50  1280 1344 1504 1728  1024 1025 1028 1072 +hsync +vsync (91.1 kHz d)
[    65.220] (II) modeset(0): Modeline "1280x1024"x75.0  135.00  1280 1296 1440 1688  1024 1025 1028 1066 +hsync +vsync (80.0 kHz d)
[    65.220] (II) modeset(0): Modeline "1280x1024"x60.0  108.00  1280 1328 1440 1688  1024 1025 1028 1066 +hsync +vsync (64.0 kHz d)
[    65.220] (II) modeset(0): Modeline "1400x900"x60.0  103.50  1400 1480 1624 1848  900 903 913 934 -hsync +vsync (56.0 kHz d)
[    65.220] (II) modeset(0): Modeline "1400x900"x59.9   86.50  1400 1448 1480 1560  900 903 913 926 +hsync -vsync (55.4 kHz d)
[    65.220] (II) modeset(0): Modeline "1280x960"x85.0  148.50  1280 1344 1504 1728  960 961 964 1011 +hsync +vsync (85.9 kHz d)
[    65.220] (II) modeset(0): Modeline "1280x960"x60.0  108.00  1280 1376 1488 1800  960 961 964 1000 +hsync +vsync (60.0 kHz d)
[    65.220] (II) modeset(0): Modeline "1440x810"x60.0  198.12  1440 1548 1704 1968  810 811 814 839 doublescan -hsync +vsync (100.7 kHz d)
[    65.220] (II) modeset(0): Modeline "1440x810"x60.0  151.88  1440 1464 1480 1520  810 811 814 833 doublescan +hsync -vsync (99.9 kHz d)
[    65.220] (II) modeset(0): Modeline "1368x768"x59.9   85.25  1368 1440 1576 1784  768 771 781 798 -hsync +vsync (47.8 kHz d)
[    65.220] (II) modeset(0): Modeline "1368x768"x59.9   72.25  1368 1416 1448 1528  768 771 781 790 +hsync -vsync (47.3 kHz d)
[    65.220] (II) modeset(0): Modeline "1280x800"x60.0  174.25  1280 1380 1516 1752  800 801 804 829 doublescan -hsync +vsync (99.5 kHz d)
[    65.220] (II) modeset(0): Modeline "1280x800"x60.0  134.25  1280 1304 1320 1360  800 801 804 823 doublescan +hsync -vsync (98.7 kHz d)
[    65.220] (II) modeset(0): Modeline "1280x800"x59.8   83.50  1280 1352 1480 1680  800 803 809 831 -hsync +vsync (49.7 kHz d)
[    65.220] (II) modeset(0): Modeline "1280x800"x59.9   71.00  1280 1328 1360 1440  800 803 809 823 +hsync -vsync (49.3 kHz d)
[    65.220] (II) modeset(0): Modeline "1152x864"x75.0  108.00  1152 1216 1344 1600  864 865 868 900 +hsync +vsync (67.5 kHz d)
[    65.220] (II) modeset(0): Modeline "1280x720"x60.0  156.12  1280 1376 1512 1744  720 721 724 746 doublescan -hsync +vsync (89.5 kHz d)
[    65.220] (II) modeset(0): Modeline "1280x720"x60.0  120.75  1280 1304 1320 1360  720 721 724 740 doublescan +hsync -vsync (88.8 kHz d)
[    65.220] (II) modeset(0): Modeline "1280x720"x59.9   74.50  1280 1344 1472 1664  720 723 728 748 -hsync +vsync (44.8 kHz d)
[    65.221] (II) modeset(0): Modeline "1280x720"x59.7   63.75  1280 1328 1360 1440  720 723 728 741 +hsync -vsync (44.3 kHz d)
[    65.221] (II) modeset(0): Modeline "1024x768"x85.0  194.02  1024 1108 1220 1416  768 768 770 806 doublescan -hsync +vsync (137.0 kHz d)
[    65.221] (II) modeset(0): Modeline "1024x768"x75.0  170.24  1024 1108 1220 1416  768 768 770 801 doublescan -hsync +vsync (120.2 kHz d)
[    65.221] (II) modeset(0): Modeline "1024x768"x60.0  133.47  1024 1100 1212 1400  768 768 770 794 doublescan -hsync +vsync (95.3 kHz d)
[    65.221] (II) modeset(0): Modeline "1024x768"x85.0   94.50  1024 1072 1168 1376  768 769 772 808 +hsync +vsync (68.7 kHz d)
[    65.221] (II) modeset(0): Modeline "1024x768"x75.0   78.75  1024 1040 1136 1312  768 769 772 800 +hsync +vsync (60.0 kHz d)
[    65.221] (II) modeset(0): Modeline "1024x768"x70.1   75.00  1024 1048 1184 1328  768 771 777 806 -hsync -vsync (56.5 kHz d)
[    65.221] (II) modeset(0): Modeline "1024x768"x60.0   65.00  1024 1048 1184 1344  768 771 777 806 -hsync -vsync (48.4 kHz d)
[    65.221] (II) modeset(0): Modeline "1024x768i"x87.0   44.90  1024 1032 1208 1264  768 768 776 817 interlace +hsync +vsync (35.5 kHz d)
[    65.221] (II) modeset(0): Modeline "960x720"x85.0  170.68  960 1036 1144 1328  720 720 722 756 doublescan -hsync +vsync (128.5 kHz d)
[    65.221] (II) modeset(0): Modeline "960x720"x75.0  148.50  960 1032 1144 1320  720 720 722 750 doublescan -hsync +vsync (112.5 kHz d)
[    65.221] (II) modeset(0): Modeline "960x720"x60.0  117.00  960 1024 1128 1300  720 720 722 750 doublescan -hsync +vsync (90.0 kHz d)
[    65.221] (II) modeset(0): Modeline "928x696"x75.0  144.00  928 992 1104 1280  696 696 698 750 doublescan -hsync +vsync (112.5 kHz d)
[    65.221] (II) modeset(0): Modeline "928x696"x60.1  109.15  928 976 1088 1264  696 696 698 719 doublescan -hsync +vsync (86.4 kHz d)
[    65.221] (II) modeset(0): Modeline "896x672"x75.0  130.50  896 944 1052 1228  672 672 674 708 doublescan -hsync +vsync (106.3 kHz d)
[    65.221] (II) modeset(0): Modeline "896x672"x60.0  102.40  896 960 1060 1224  672 672 674 697 doublescan -hsync +vsync (83.7 kHz d)
[    65.221] (II) modeset(0): Modeline "1024x576"x60.0   98.50  1024 1092 1200 1376  576 577 580 597 doublescan -hsync +vsync (71.6 kHz d)
[    65.221] (II) modeset(0): Modeline "1024x576"x60.0   78.38  1024 1048 1064 1104  576 577 580 592 doublescan +hsync -vsync (71.0 kHz d)
[    65.221] (II) modeset(0): Modeline "1024x576"x59.9   46.50  1024 1064 1160 1296  576 579 584 599 -hsync +vsync (35.9 kHz d)
[    65.221] (II) modeset(0): Modeline "1024x576"x59.8   42.00  1024 1072 1104 1184  576 579 584 593 +hsync -vsync (35.5 kHz d)
[    65.221] (II) modeset(0): Modeline "960x600"x59.9   96.62  960 1028 1128 1296  600 601 604 622 doublescan -hsync +vsync (74.6 kHz d)
[    65.221] (II) modeset(0): Modeline "960x600"x60.0   77.00  960 984 1000 1040  600 601 604 617 doublescan +hsync -vsync (74.0 kHz d)
[    65.221] (II) modeset(0): Modeline "832x624"x74.6   57.28  832 864 928 1152  624 625 628 667 -hsync -vsync (49.7 kHz d)
[    65.221] (II) modeset(0): Modeline "960x540"x60.0   86.50  960 1024 1124 1288  540 541 544 560 doublescan -hsync +vsync (67.2 kHz d)
[    65.221] (II) modeset(0): Modeline "960x540"x60.0   69.25  960 984 1000 1040  540 541 544 555 doublescan +hsync -vsync (66.6 kHz d)
[    65.221] (II) modeset(0): Modeline "960x540"x59.6   40.75  960 992 1088 1216  540 543 548 562 -hsync +vsync (33.5 kHz d)
[    65.221] (II) modeset(0): Modeline "960x540"x59.8   37.25  960 1008 1040 1120  540 543 548 556 +hsync -vsync (33.3 kHz d)
[    65.221] (II) modeset(0): Modeline "800x600"x85.0  114.75  800 832 928 1080  600 600 602 625 doublescan +hsync +vsync (106.2 kHz d)
[    65.221] (II) modeset(0): Modeline "800x600"x75.0  101.25  800 832 928 1080  600 600 602 625 doublescan +hsync +vsync (93.8 kHz d)
[    65.221] (II) modeset(0): Modeline "800x600"x70.0   94.50  800 832 928 1080  600 600 602 625 doublescan +hsync +vsync (87.5 kHz d)
[    65.221] (II) modeset(0): Modeline "800x600"x65.0   87.75  800 832 928 1080  600 600 602 625 doublescan +hsync +vsync (81.2 kHz d)
[    65.221] (II) modeset(0): Modeline "800x600"x60.0   81.00  800 832 928 1080  600 600 602 625 doublescan +hsync +vsync (75.0 kHz d)
[    65.221] (II) modeset(0): Modeline "800x600"x85.1   56.30  800 832 896 1048  600 601 604 631 +hsync +vsync (53.7 kHz d)
[    65.221] (II) modeset(0): Modeline "800x600"x72.2   50.00  800 856 976 1040  600 637 643 666 +hsync +vsync (48.1 kHz d)
[    65.221] (II) modeset(0): Modeline "800x600"x75.0   49.50  800 816 896 1056  600 601 604 625 +hsync +vsync (46.9 kHz d)
[    65.221] (II) modeset(0): Modeline "800x600"x60.3   40.00  800 840 968 1056  600 601 605 628 +hsync +vsync (37.9 kHz d)
[    65.221] (II) modeset(0): Modeline "800x600"x56.2   36.00  800 824 896 1024  600 601 603 625 +hsync +vsync (35.2 kHz d)
[    65.221] (II) modeset(0): Modeline "840x525"x60.0   73.12  840 892 980 1120  525 526 529 544 doublescan -hsync +vsync (65.3 kHz d)
[    65.221] (II) modeset(0): Modeline "840x525"x59.9   59.50  840 864 880 920  525 526 529 540 doublescan +hsync -vsync (64.7 kHz d)
[    65.221] (II) modeset(0): Modeline "864x486"x59.9   32.50  864 888 968 1072  486 489 494 506 -hsync +vsync (30.3 kHz d)
[    65.221] (II) modeset(0): Modeline "864x486"x59.6   30.50  864 912 944 1024  486 489 494 500 +hsync -vsync (29.8 kHz d)
[    65.221] (II) modeset(0): Modeline "700x525"x74.8   77.90  700 732 892 956  525 526 532 545 doublescan +hsync +vsync (81.5 kHz d)
[    65.221] (II) modeset(0): Modeline "700x525"x60.0   61.00  700 744 820 940  525 526 532 541 doublescan +hsync +vsync (64.9 kHz d)
[    65.221] (II) modeset(0): Modeline "800x450"x59.9   59.12  800 848 928 1056  450 451 454 467 doublescan -hsync +vsync (56.0 kHz d)
[    65.221] (II) modeset(0): Modeline "800x450"x59.8   48.75  800 824 840 880  450 451 454 463 doublescan +hsync -vsync (55.4 kHz d)
[    65.221] (II) modeset(0): Modeline "640x512"x85.0   78.75  640 672 752 864  512 512 514 536 doublescan +hsync +vsync (91.1 kHz d)
[    65.221] (II) modeset(0): Modeline "640x512"x75.0   67.50  640 648 720 844  512 512 514 533 doublescan +hsync +vsync (80.0 kHz d)
[    65.221] (II) modeset(0): Modeline "640x512"x60.0   54.00  640 664 720 844  512 512 514 533 doublescan +hsync +vsync (64.0 kHz d)
[    65.221] (II) modeset(0): Modeline "700x450"x60.0   51.75  700 740 812 924  450 451 456 467 doublescan -hsync +vsync (56.0 kHz d)
[    65.221] (II) modeset(0): Modeline "700x450"x59.9   43.25  700 724 740 780  450 451 456 463 doublescan +hsync -vsync (55.4 kHz d)
[    65.221] (II) modeset(0): Modeline "640x480"x85.1   74.25  640 672 752 864  480 480 482 505 doublescan +hsync +vsync (85.9 kHz d)
[    65.221] (II) modeset(0): Modeline "640x480"x60.0   54.00  640 688 744 900  480 480 482 500 doublescan +hsync +vsync (60.0 kHz d)
[    65.221] (II) modeset(0): Modeline "640x480"x85.0   36.00  640 696 752 832  480 481 484 509 -hsync -vsync (43.3 kHz d)
[    65.221] (II) modeset(0): Modeline "640x480"x72.8   31.50  640 664 704 832  480 489 492 520 -hsync -vsync (37.9 kHz d)
[    65.221] (II) modeset(0): Modeline "640x480"x75.0   31.50  640 656 720 840  480 481 484 500 -hsync -vsync (37.5 kHz d)
[    65.221] (II) modeset(0): Modeline "640x480"x59.9   25.18  640 656 752 800  480 490 492 525 -hsync -vsync (31.5 kHz d)
[    65.221] (II) modeset(0): Modeline "720x405"x59.5   22.50  720 744 808 896  405 408 413 422 -hsync +vsync (25.1 kHz d)
[    65.221] (II) modeset(0): Modeline "720x405"x59.0   21.75  720 768 800 880  405 408 413 419 +hsync -vsync (24.7 kHz d)
[    65.221] (II) modeset(0): Modeline "720x400"x85.0   35.50  720 756 828 936  400 401 404 446 -hsync +vsync (37.9 kHz d)
[    65.221] (II) modeset(0): Modeline "684x384"x59.9   42.62  684 720 788 892  384 385 390 399 doublescan -hsync +vsync (47.8 kHz d)
[    65.221] (II) modeset(0): Modeline "684x384"x59.9   36.12  684 708 724 764  384 385 390 395 doublescan +hsync -vsync (47.3 kHz d)
[    65.221] (II) modeset(0): Modeline "640x400"x59.9   41.75  640 676 740 840  400 401 404 415 doublescan -hsync +vsync (49.7 kHz d)
[    65.221] (II) modeset(0): Modeline "640x400"x60.0   35.50  640 664 680 720  400 401 404 411 doublescan +hsync -vsync (49.3 kHz d)
[    65.221] (II) modeset(0): Modeline "640x400"x85.1   31.50  640 672 736 832  400 401 404 445 -hsync +vsync (37.9 kHz d)
[    65.221] (II) modeset(0): Modeline "576x432"x75.0   54.00  576 608 672 800  432 432 434 450 doublescan +hsync +vsync (67.5 kHz d)
[    65.221] (II) modeset(0): Modeline "640x360"x59.9   37.25  640 672 736 832  360 361 364 374 doublescan -hsync +vsync (44.8 kHz d)
[    65.221] (II) modeset(0): Modeline "640x360"x59.8   31.88  640 664 680 720  360 361 364 370 doublescan +hsync -vsync (44.3 kHz d)
[    65.221] (II) modeset(0): Modeline "640x360"x59.8   18.00  640 664 720 800  360 363 368 376 -hsync +vsync (22.5 kHz d)
[    65.221] (II) modeset(0): Modeline "640x360"x59.3   17.75  640 688 720 800  360 363 368 374 +hsync -vsync (22.2 kHz d)
[    65.221] (II) modeset(0): Modeline "640x350"x85.1   31.50  640 672 736 832  350 382 385 445 +hsync -vsync (37.9 kHz d)
[    65.221] (II) modeset(0): Modeline "512x384"x85.0   47.25  512 536 584 688  384 384 386 404 doublescan +hsync +vsync (68.7 kHz d)
[    65.221] (II) modeset(0): Modeline "512x384"x75.0   39.38  512 520 568 656  384 384 386 400 doublescan +hsync +vsync (60.0 kHz d)
[    65.221] (II) modeset(0): Modeline "512x384"x70.1   37.50  512 524 592 664  384 385 388 403 doublescan -hsync -vsync (56.5 kHz d)
[    65.221] (II) modeset(0): Modeline "512x384"x60.0   32.50  512 524 592 672  384 385 388 403 doublescan -hsync -vsync (48.4 kHz d)
[    65.221] (II) modeset(0): Modeline "512x384i"x87.1   22.45  512 516 604 632  384 384 388 408 interlace doublescan +hsync +vsync (35.5 kHz d)
[    65.221] (II) modeset(0): Modeline "512x288"x60.0   23.25  512 532 580 648  288 289 292 299 doublescan -hsync +vsync (35.9 kHz d)
[    65.221] (II) modeset(0): Modeline "512x288"x59.9   21.00  512 536 552 592  288 289 292 296 doublescan +hsync -vsync (35.5 kHz d)
[    65.221] (II) modeset(0): Modeline "416x312"x74.7   28.64  416 432 464 576  312 312 314 333 doublescan -hsync -vsync (49.7 kHz d)
[    65.221] (II) modeset(0): Modeline "480x270"x59.6   20.38  480 496 544 608  270 271 274 281 doublescan -hsync +vsync (33.5 kHz d)
[    65.221] (II) modeset(0): Modeline "480x270"x59.8   18.62  480 504 520 560  270 271 274 278 doublescan +hsync -vsync (33.3 kHz d)
[    65.221] (II) modeset(0): Modeline "400x300"x85.3   28.15  400 416 448 524  300 300 302 315 doublescan +hsync +vsync (53.7 kHz d)
[    65.221] (II) modeset(0): Modeline "400x300"x72.2   25.00  400 428 488 520  300 318 321 333 doublescan +hsync +vsync (48.1 kHz d)
[    65.221] (II) modeset(0): Modeline "400x300"x75.1   24.75  400 408 448 528  300 300 302 312 doublescan +hsync +vsync (46.9 kHz d)
[    65.221] (II) modeset(0): Modeline "400x300"x60.3   20.00  400 420 484 528  300 300 302 314 doublescan +hsync +vsync (37.9 kHz d)
[    65.221] (II) modeset(0): Modeline "400x300"x56.3   18.00  400 412 448 512  300 300 301 312 doublescan +hsync +vsync (35.2 kHz d)
[    65.221] (II) modeset(0): Modeline "432x243"x59.9   16.25  432 444 484 536  243 244 247 253 doublescan -hsync +vsync (30.3 kHz d)
[    65.221] (II) modeset(0): Modeline "432x243"x59.6   15.25  432 456 472 512  243 244 247 250 doublescan +hsync -vsync (29.8 kHz d)
[    65.221] (II) modeset(0): Modeline "320x240"x85.2   18.00  320 348 376 416  240 240 242 254 doublescan -hsync -vsync (43.3 kHz d)
[    65.221] (II) modeset(0): Modeline "320x240"x72.8   15.75  320 332 352 416  240 244 246 260 doublescan -hsync -vsync (37.9 kHz d)
[    65.221] (II) modeset(0): Modeline "320x240"x75.0   15.75  320 328 360 420  240 240 242 250 doublescan -hsync -vsync (37.5 kHz d)
[    65.221] (II) modeset(0): Modeline "320x240"x60.1   12.59  320 328 376 400  240 245 246 262 doublescan -hsync -vsync (31.5 kHz d)
[    65.221] (II) modeset(0): Modeline "360x202"x59.5   11.25  360 372 404 448  202 204 206 211 doublescan -hsync +vsync (25.1 kHz d)
[    65.221] (II) modeset(0): Modeline "360x202"x59.1   10.88  360 384 400 440  202 204 206 209 doublescan +hsync -vsync (24.7 kHz d)
[    65.221] (II) modeset(0): Modeline "360x200"x85.0   17.75  360 378 414 468  200 200 202 223 doublescan -hsync +vsync (37.9 kHz d)
[    65.221] (II) modeset(0): Modeline "320x200"x85.3   15.75  320 336 368 416  200 200 202 222 doublescan -hsync +vsync (37.9 kHz d)
[    65.221] (II) modeset(0): Modeline "320x180"x59.8    9.00  320 332 360 400  180 181 184 188 doublescan -hsync +vsync (22.5 kHz d)
[    65.221] (II) modeset(0): Modeline "320x180"x59.3    8.88  320 344 360 400  180 181 184 187 doublescan +hsync -vsync (22.2 kHz d)
[    65.221] (II) modeset(0): Modeline "320x175"x85.3   15.75  320 336 368 416  175 191 192 222 doublescan +hsync -vsync (37.9 kHz d)
[    65.221] (II) modeset(0): Output eDP-1 connected
[    65.221] (II) modeset(0): Using exact sizes for initial modes
[    65.221] (II) modeset(0): Output eDP-1 using initial mode 1920x1080 +0+0
[    65.221] (==) modeset(0): Using gamma correction (1.0, 1.0, 1.0)
[    65.221] (==) modeset(0): DPI set to (96, 96)
[    65.221] (II) Loading sub module "fb"
[    65.221] (II) LoadModule: "fb"
[    65.221] (II) Module "fb" already built-in
[    65.221] (==) modeset(G0): Depth 24, (==) framebuffer bpp 32
[    65.221] (==) modeset(G0): RGB weight 888
[    65.221] (==) modeset(G0): Default visual is TrueColor
[    65.221] (II) Loading sub module "glamoregl"
[    65.221] (II) LoadModule: "glamoregl"
[    65.221] (II) Loading /usr/lib/xorg/modules/libglamoregl.so
[    65.221] (II) Module glamoregl: vendor="X.Org Foundation"
[    65.221] 	compiled for 1.21.1.16, module version = 1.0.1
[    65.221] 	ABI class: X.Org ANSI C Emulation, version 0.4
